<?xml version="1.0" encoding="UTF-8"?>
<testng-results ignored="0" total="1" passed="1" failed="0" skipped="0">
  <reporter-output>
  </reporter-output>
  <suite started-at="2020-11-10T15:18:43 IST" name="Default suite" finished-at="2020-11-10T15:18:43 IST" duration-ms="86">
    <groups>
    </groups>
    <test started-at="2020-11-10T15:18:43 IST" name="Default test" finished-at="2020-11-10T15:18:43 IST" duration-ms="86">
      <class name="TestNG_Class">
        <test-method is-config="true" signature="instantiateVariables(java.lang.String)[pri:0, instance:TestNG_Class@501edcf1]" started-at="2020-11-10T15:18:43 IST" name="instantiateVariables" finished-at="2020-11-10T15:18:43 IST" duration-ms="18" status="PASS">
          <params>
            <param index="0">
              <value>
                <![CDATA[20]]>
              </value>
            </param>
          </params>
          <reporter-output>
          </reporter-output>
        </test-method> <!-- instantiateVariables -->
        <test-method signature="sampleTest()[pri:0, instance:TestNG_Class@501edcf1]" started-at="2020-11-10T15:18:43 IST" name="sampleTest" finished-at="2020-11-10T15:18:43 IST" duration-ms="8" status="PASS">
          <reporter-output>
          </reporter-output>
        </test-method> <!-- sampleTest -->
      </class> <!-- TestNG_Class -->
    </test> <!-- Default test -->
  </suite> <!-- Default suite -->
</testng-results>
